Performing C SOURCE FILE Test CMAKE_HAVE_LIBC_PTHREAD failed with the following output:
Change Dir: /home/song/文档/games101/assignment8/build/CMakeFiles/CMakeTmp

Run Build Command(s):/usr/bin/make cmTC_a8f88/fast && /usr/bin/make -f CMakeFiles/cmTC_a8f88.dir/build.make CMakeFiles/cmTC_a8f88.dir/build
make[1]: 进入目录“/home/song/文档/games101/assignment8/build/CMakeFiles/CMakeTmp”
Building C object CMakeFiles/cmTC_a8f88.dir/src.c.o
/bin/x86_64-linux-gnu-gcc-9   -DCMAKE_HAVE_LIBC_PTHREAD   -o CMakeFiles/cmTC_a8f88.dir/src.c.o   -c /home/song/文档/games101/assignment8/build/CMakeFiles/CMakeTmp/src.c
Linking C executable cmTC_a8f88
/usr/bin/cmake -E cmake_link_script CMakeFiles/cmTC_a8f88.dir/link.txt --verbose=1
/bin/x86_64-linux-gnu-gcc-9  -DCMAKE_HAVE_LIBC_PTHREAD    -rdynamic CMakeFiles/cmTC_a8f88.dir/src.c.o  -o cmTC_a8f88 
/usr/bin/ld: CMakeFiles/cmTC_a8f88.dir/src.c.o: in function `main':
src.c:(.text+0x46): undefined reference to `pthread_create'
/usr/bin/ld: src.c:(.text+0x52): undefined reference to `pthread_detach'
/usr/bin/ld: src.c:(.text+0x63): undefined reference to `pthread_join'
collect2: error: ld returned 1 exit status
make[1]: *** [CMakeFiles/cmTC_a8f88.dir/build.make:87：cmTC_a8f88] 错误 1
make[1]: 离开目录“/home/song/文档/games101/assignment8/build/CMakeFiles/CMakeTmp”
make: *** [Makefile:121：cmTC_a8f88/fast] 错误 2


Source file was:
#include <pthread.h>

void* test_func(void* data)
{
  return data;
}

int main(void)
{
  pthread_t thread;
  pthread_create(&thread, NULL, test_func, NULL);
  pthread_detach(thread);
  pthread_join(thread, NULL);
  pthread_atfork(NULL, NULL, NULL);
  pthread_exit(NULL);

  return 0;
}

Determining if the function pthread_create exists in the pthreads failed with the following output:
Change Dir: /home/song/文档/games101/assignment8/build/CMakeFiles/CMakeTmp

Run Build Command(s):/usr/bin/make cmTC_a74e2/fast && /usr/bin/make -f CMakeFiles/cmTC_a74e2.dir/build.make CMakeFiles/cmTC_a74e2.dir/build
make[1]: 进入目录“/home/song/文档/games101/assignment8/build/CMakeFiles/CMakeTmp”
Building C object CMakeFiles/cmTC_a74e2.dir/CheckFunctionExists.c.o
/bin/x86_64-linux-gnu-gcc-9   -DCHECK_FUNCTION_EXISTS=pthread_create   -o CMakeFiles/cmTC_a74e2.dir/CheckFunctionExists.c.o   -c /usr/share/cmake-3.16/Modules/CheckFunctionExists.c
Linking C executable cmTC_a74e2
/usr/bin/cmake -E cmake_link_script CMakeFiles/cmTC_a74e2.dir/link.txt --verbose=1
/bin/x86_64-linux-gnu-gcc-9  -DCHECK_FUNCTION_EXISTS=pthread_create    -rdynamic CMakeFiles/cmTC_a74e2.dir/CheckFunctionExists.c.o  -o cmTC_a74e2  -lpthreads 
/usr/bin/ld: 找不到 -lpthreads
collect2: error: ld returned 1 exit status
make[1]: *** [CMakeFiles/cmTC_a74e2.dir/build.make:87：cmTC_a74e2] 错误 1
make[1]: 离开目录“/home/song/文档/games101/assignment8/build/CMakeFiles/CMakeTmp”
make: *** [Makefile:121：cmTC_a74e2/fast] 错误 2



Determining if the function glXGetProcAddressEXT exists failed with the following output:
Change Dir: /home/song/文档/games101/assignment8/build/CMakeFiles/CMakeTmp

Run Build Command(s):/usr/bin/make cmTC_7341e/fast && /usr/bin/make -f CMakeFiles/cmTC_7341e.dir/build.make CMakeFiles/cmTC_7341e.dir/build
make[1]: 进入目录“/home/song/文档/games101/assignment8/build/CMakeFiles/CMakeTmp”
Building C object CMakeFiles/cmTC_7341e.dir/CheckFunctionExists.c.o
/bin/x86_64-linux-gnu-gcc-9   -DCHECK_FUNCTION_EXISTS=glXGetProcAddressEXT   -o CMakeFiles/cmTC_7341e.dir/CheckFunctionExists.c.o   -c /usr/share/cmake-3.16/Modules/CheckFunctionExists.c
Linking C executable cmTC_7341e
/usr/bin/cmake -E cmake_link_script CMakeFiles/cmTC_7341e.dir/link.txt --verbose=1
/bin/x86_64-linux-gnu-gcc-9  -DCHECK_FUNCTION_EXISTS=glXGetProcAddressEXT    -rdynamic CMakeFiles/cmTC_7341e.dir/CheckFunctionExists.c.o  -o cmTC_7341e  /usr/lib/x86_64-linux-gnu/libGL.so 
/usr/bin/ld: CMakeFiles/cmTC_7341e.dir/CheckFunctionExists.c.o: in function `main':
CheckFunctionExists.c:(.text+0x14): undefined reference to `glXGetProcAddressEXT'
collect2: error: ld returned 1 exit status
make[1]: *** [CMakeFiles/cmTC_7341e.dir/build.make:88：cmTC_7341e] 错误 1
make[1]: 离开目录“/home/song/文档/games101/assignment8/build/CMakeFiles/CMakeTmp”
make: *** [Makefile:121：cmTC_7341e/fast] 错误 2



